
start
https://www.theconfidentinterpreter.com/blog/
https://www.theconfidentinterpreter.com/
https://www.theconfidentinterpreter.com/feed/
https://www.theconfidentinterpreter.com/blog/amp
https://www.theconfidentinterpreter.com/amp
https://www.theconfidentinterpreter.com/feed/amp
start
https://www.theconfidentinterpreter.com/blog/
https://www.theconfidentinterpreter.com/
https://www.theconfidentinterpreter.com/feed/
https://www.theconfidentinterpreter.com/([a-z0-9_\-]*?)sitemap([a-z0-9_\-]*)?\.xml
https://www.theconfidentinterpreter.com/blog/amp
https://www.theconfidentinterpreter.com/amp
https://www.theconfidentinterpreter.com/feed/amp
https://www.theconfidentinterpreter.com/([a-z0-9_\-]*?)sitemap([a-z0-9_\-]*)?\.xml/amp
start
https://www.theconfidentinterpreter.com/blog/
https://www.theconfidentinterpreter.com/
https://www.theconfidentinterpreter.com/feed/
https://www.theconfidentinterpreter.com/blog/amp
https://www.theconfidentinterpreter.com/amp
https://www.theconfidentinterpreter.com/feed/amp
start
https://www.theconfidentinterpreter.com/blog/
https://www.theconfidentinterpreter.com/
https://www.theconfidentinterpreter.com/feed/
https://www.theconfidentinterpreter.com/([a-z0-9_\-]*?)sitemap([a-z0-9_\-]*)?\.xml
https://www.theconfidentinterpreter.com/blog/amp
https://www.theconfidentinterpreter.com/amp
https://www.theconfidentinterpreter.com/feed/amp
https://www.theconfidentinterpreter.com/([a-z0-9_\-]*?)sitemap([a-z0-9_\-]*)?\.xml/amp
start
https://www.theconfidentinterpreter.com/blog/
https://www.theconfidentinterpreter.com/
https://www.theconfidentinterpreter.com/feed/
https://www.theconfidentinterpreter.com/blog/amp
https://www.theconfidentinterpreter.com/amp
https://www.theconfidentinterpreter.com/feed/amp
start
https://www.theconfidentinterpreter.com/blog/
https://www.theconfidentinterpreter.com/
https://www.theconfidentinterpreter.com/feed/
https://www.theconfidentinterpreter.com/([a-z0-9_\-]*?)sitemap([a-z0-9_\-]*)?\.xml
https://www.theconfidentinterpreter.com/blog/amp
https://www.theconfidentinterpreter.com/amp
https://www.theconfidentinterpreter.com/feed/amp
https://www.theconfidentinterpreter.com/([a-z0-9_\-]*?)sitemap([a-z0-9_\-]*)?\.xml/amp
start
https://www.theconfidentinterpreter.com/blog/
https://www.theconfidentinterpreter.com/our-products/
https://www.theconfidentinterpreter.com/feed/
https://www.theconfidentinterpreter.com/blog/amp
https://www.theconfidentinterpreter.com/our-products/amp
https://www.theconfidentinterpreter.com/feed/amp
start
https://www.theconfidentinterpreter.com/blog/
https://www.theconfidentinterpreter.com/our-products/
https://www.theconfidentinterpreter.com/feed/
https://www.theconfidentinterpreter.com/([a-z0-9_\-]*?)sitemap([a-z0-9_\-]*)?\.xml
https://www.theconfidentinterpreter.com/blog/amp
https://www.theconfidentinterpreter.com/our-products/amp
https://www.theconfidentinterpreter.com/feed/amp
https://www.theconfidentinterpreter.com/([a-z0-9_\-]*?)sitemap([a-z0-9_\-]*)?\.xml/amp
start
https://www.theconfidentinterpreter.com/blog/
https://www.theconfidentinterpreter.com/our-products/
https://www.theconfidentinterpreter.com/feed/
https://www.theconfidentinterpreter.com/blog/amp
https://www.theconfidentinterpreter.com/our-products/amp
https://www.theconfidentinterpreter.com/feed/amp
start
https://www.theconfidentinterpreter.com/blog/
https://www.theconfidentinterpreter.com/our-products/
https://www.theconfidentinterpreter.com/feed/
https://www.theconfidentinterpreter.com/([a-z0-9_\-]*?)sitemap([a-z0-9_\-]*)?\.xml
https://www.theconfidentinterpreter.com/blog/amp
https://www.theconfidentinterpreter.com/our-products/amp
https://www.theconfidentinterpreter.com/feed/amp
https://www.theconfidentinterpreter.com/([a-z0-9_\-]*?)sitemap([a-z0-9_\-]*)?\.xml/amp
start
https://www.theconfidentinterpreter.com/blog/
https://www.theconfidentinterpreter.com/our-products/
https://www.theconfidentinterpreter.com/feed/
https://www.theconfidentinterpreter.com/blog/amp
https://www.theconfidentinterpreter.com/our-products/amp
https://www.theconfidentinterpreter.com/feed/amp
start
https://www.theconfidentinterpreter.com/blog/
https://www.theconfidentinterpreter.com/our-products/
https://www.theconfidentinterpreter.com/feed/
https://www.theconfidentinterpreter.com/([a-z0-9_\-]*?)sitemap([a-z0-9_\-]*)?\.xml
https://www.theconfidentinterpreter.com/blog/amp
https://www.theconfidentinterpreter.com/our-products/amp
https://www.theconfidentinterpreter.com/feed/amp
https://www.theconfidentinterpreter.com/([a-z0-9_\-]*?)sitemap([a-z0-9_\-]*)?\.xml/amp
start
https://www.theconfidentinterpreter.com/blog/
https://www.theconfidentinterpreter.com/confident-interpreter/
https://www.theconfidentinterpreter.com/feed/
https://www.theconfidentinterpreter.com/blog/amp
https://www.theconfidentinterpreter.com/confident-interpreter/amp
https://www.theconfidentinterpreter.com/feed/amp
start
https://www.theconfidentinterpreter.com/blog/
https://www.theconfidentinterpreter.com/confident-interpreter/
https://www.theconfidentinterpreter.com/feed/
https://www.theconfidentinterpreter.com/([a-z0-9_\-]*?)sitemap([a-z0-9_\-]*)?\.xml
https://www.theconfidentinterpreter.com/blog/amp
https://www.theconfidentinterpreter.com/confident-interpreter/amp
https://www.theconfidentinterpreter.com/feed/amp
https://www.theconfidentinterpreter.com/([a-z0-9_\-]*?)sitemap([a-z0-9_\-]*)?\.xml/amp
start
https://www.theconfidentinterpreter.com/blog/
https://www.theconfidentinterpreter.com/confident-interpreter/
https://www.theconfidentinterpreter.com/feed/
https://www.theconfidentinterpreter.com/blog/amp
https://www.theconfidentinterpreter.com/confident-interpreter/amp
https://www.theconfidentinterpreter.com/feed/amp
start
https://www.theconfidentinterpreter.com/blog/
https://www.theconfidentinterpreter.com/confident-interpreter/
https://www.theconfidentinterpreter.com/feed/
https://www.theconfidentinterpreter.com/([a-z0-9_\-]*?)sitemap([a-z0-9_\-]*)?\.xml
https://www.theconfidentinterpreter.com/blog/amp
https://www.theconfidentinterpreter.com/confident-interpreter/amp
https://www.theconfidentinterpreter.com/feed/amp
https://www.theconfidentinterpreter.com/([a-z0-9_\-]*?)sitemap([a-z0-9_\-]*)?\.xml/amp
start
https://www.theconfidentinterpreter.com/blog/
https://www.theconfidentinterpreter.com/confident-interpreter/
https://www.theconfidentinterpreter.com/feed/
https://www.theconfidentinterpreter.com/blog/amp
https://www.theconfidentinterpreter.com/confident-interpreter/amp
https://www.theconfidentinterpreter.com/feed/amp
start
https://www.theconfidentinterpreter.com/blog/
https://www.theconfidentinterpreter.com/confident-interpreter/
https://www.theconfidentinterpreter.com/feed/
https://www.theconfidentinterpreter.com/([a-z0-9_\-]*?)sitemap([a-z0-9_\-]*)?\.xml
https://www.theconfidentinterpreter.com/blog/amp
https://www.theconfidentinterpreter.com/confident-interpreter/amp
https://www.theconfidentinterpreter.com/feed/amp
https://www.theconfidentinterpreter.com/([a-z0-9_\-]*?)sitemap([a-z0-9_\-]*)?\.xml/amp