2017-08-06T20:58:47+00:00 INFO Queuing 3.1.0 - wc_update_310_downloadable_products
2017-08-06T20:58:47+00:00 INFO Queuing 3.1.0 - wc_update_310_old_comments
2017-08-06T20:58:47+00:00 INFO Queuing 3.1.0 - wc_update_310_db_version
2017-08-06T20:58:50+00:00 INFO Running wc_update_310_downloadable_products callback
2017-08-06T20:58:50+00:00 INFO Finished wc_update_310_downloadable_products callback
2017-08-06T20:58:50+00:00 INFO Running wc_update_310_old_comments callback
2017-08-06T20:58:50+00:00 INFO Finished wc_update_310_old_comments callback
2017-08-06T20:58:50+00:00 INFO Running wc_update_310_db_version callback
2017-08-06T20:58:50+00:00 INFO Finished wc_update_310_db_version callback
2017-08-06T20:58:50+00:00 INFO Data update complete
2017-08-06T21:44:03+00:00 INFO Queuing 3.1.0 - wc_update_310_downloadable_products
2017-08-06T21:44:03+00:00 INFO Queuing 3.1.0 - wc_update_310_old_comments
2017-08-06T21:44:03+00:00 INFO Queuing 3.1.0 - wc_update_310_db_version
2017-08-06T21:44:05+00:00 INFO Running wc_update_310_downloadable_products callback
2017-08-06T21:44:05+00:00 INFO Finished wc_update_310_downloadable_products callback
2017-08-06T21:44:05+00:00 INFO Running wc_update_310_old_comments callback
2017-08-06T21:44:05+00:00 INFO Finished wc_update_310_old_comments callback
2017-08-06T21:44:05+00:00 INFO Running wc_update_310_db_version callback
2017-08-06T21:44:05+00:00 INFO Finished wc_update_310_db_version callback
2017-08-06T21:44:05+00:00 INFO Data update complete
2017-10-05T18:09:26+00:00 INFO Queuing 3.1.0 - wc_update_310_downloadable_products
2017-10-05T18:09:26+00:00 INFO Queuing 3.1.0 - wc_update_310_old_comments
2017-10-05T18:09:26+00:00 INFO Queuing 3.1.0 - wc_update_310_db_version
2017-10-05T18:09:29+00:00 INFO Running wc_update_310_downloadable_products callback
2017-10-05T18:09:29+00:00 INFO Finished wc_update_310_downloadable_products callback
2017-10-05T18:09:29+00:00 INFO Running wc_update_310_old_comments callback
2017-10-05T18:09:29+00:00 INFO Finished wc_update_310_old_comments callback
2017-10-05T18:09:29+00:00 INFO Running wc_update_310_db_version callback
2017-10-05T18:09:29+00:00 INFO Finished wc_update_310_db_version callback
2017-10-05T18:09:29+00:00 INFO Data update complete
2017-10-21T07:34:26+00:00 INFO Queuing 3.1.2 - wc_update_312_shop_manager_capabilities
2017-10-21T07:34:26+00:00 INFO Queuing 3.1.2 - wc_update_312_db_version
2017-10-21T07:34:26+00:00 INFO Queuing 3.2.0 - wc_update_320_mexican_states
2017-10-21T07:34:26+00:00 INFO Queuing 3.2.0 - wc_update_320_db_version
2017-10-21T07:34:27+00:00 INFO Running wc_update_312_shop_manager_capabilities callback
2017-10-21T07:34:27+00:00 INFO Finished wc_update_312_shop_manager_capabilities callback
2017-10-21T07:34:27+00:00 INFO Running wc_update_312_db_version callback
2017-10-21T07:34:27+00:00 INFO Finished wc_update_312_db_version callback
2017-10-21T07:34:27+00:00 INFO Running wc_update_320_mexican_states callback
2017-10-21T07:34:27+00:00 INFO Finished wc_update_320_mexican_states callback
2017-10-21T07:34:27+00:00 INFO Running wc_update_320_db_version callback
2017-10-21T07:34:27+00:00 INFO Finished wc_update_320_db_version callback
2017-10-21T07:34:27+00:00 INFO Data update complete
