
start
https://www.midknightknerd.com/my-blog/
https://www.midknightknerd.com/services/global-coverage/
https://www.midknightknerd.com/services/feed/
https://www.midknightknerd.com/my-blog/amp
https://www.midknightknerd.com/services/global-coverage/amp
https://www.midknightknerd.com/services/feed/amp
start
https://www.midknightknerd.com/my-blog/
https://www.midknightknerd.com/services/global-coverage/
https://www.midknightknerd.com/feed/
https://www.midknightknerd.com/([a-z0-9_\-]*?)sitemap([a-z0-9_\-]*)?\.xml
https://www.midknightknerd.com/my-blog/amp
https://www.midknightknerd.com/services/global-coverage/amp
https://www.midknightknerd.com/feed/amp
https://www.midknightknerd.com/([a-z0-9_\-]*?)sitemap([a-z0-9_\-]*)?\.xml/amp
start
https://www.midknightknerd.com/my-blog/
https://www.midknightknerd.com/services/global-coverage/
https://www.midknightknerd.com/services/feed/
https://www.midknightknerd.com/my-blog/amp
https://www.midknightknerd.com/services/global-coverage/amp
https://www.midknightknerd.com/services/feed/amp
start
https://www.midknightknerd.com/my-blog/
https://www.midknightknerd.com/services/global-coverage/
https://www.midknightknerd.com/feed/
https://www.midknightknerd.com/([a-z0-9_\-]*?)sitemap([a-z0-9_\-]*)?\.xml
https://www.midknightknerd.com/my-blog/amp
https://www.midknightknerd.com/services/global-coverage/amp
https://www.midknightknerd.com/feed/amp
https://www.midknightknerd.com/([a-z0-9_\-]*?)sitemap([a-z0-9_\-]*)?\.xml/amp
start
https://www.midknightknerd.com/my-blog/
https://www.midknightknerd.com/services/web-concierge/
https://www.midknightknerd.com/services/feed/
https://www.midknightknerd.com/my-blog/amp
https://www.midknightknerd.com/services/web-concierge/amp
https://www.midknightknerd.com/services/feed/amp
start
https://www.midknightknerd.com/my-blog/
https://www.midknightknerd.com/services/web-concierge/
https://www.midknightknerd.com/feed/
https://www.midknightknerd.com/([a-z0-9_\-]*?)sitemap([a-z0-9_\-]*)?\.xml
https://www.midknightknerd.com/my-blog/amp
https://www.midknightknerd.com/services/web-concierge/amp
https://www.midknightknerd.com/feed/amp
https://www.midknightknerd.com/([a-z0-9_\-]*?)sitemap([a-z0-9_\-]*)?\.xml/amp
start
https://www.midknightknerd.com/my-blog/
https://www.midknightknerd.com/services/web-concierge/
https://www.midknightknerd.com/services/feed/
https://www.midknightknerd.com/my-blog/amp
https://www.midknightknerd.com/services/web-concierge/amp
https://www.midknightknerd.com/services/feed/amp
start
https://www.midknightknerd.com/my-blog/
https://www.midknightknerd.com/services/web-concierge/
https://www.midknightknerd.com/feed/
https://www.midknightknerd.com/([a-z0-9_\-]*?)sitemap([a-z0-9_\-]*)?\.xml
https://www.midknightknerd.com/my-blog/amp
https://www.midknightknerd.com/services/web-concierge/amp
https://www.midknightknerd.com/feed/amp
https://www.midknightknerd.com/([a-z0-9_\-]*?)sitemap([a-z0-9_\-]*)?\.xml/amp
start
https://www.midknightknerd.com/my-blog/
https://www.midknightknerd.com/services/logistics-consulting/
https://www.midknightknerd.com/services/feed/
https://www.midknightknerd.com/my-blog/amp
https://www.midknightknerd.com/services/logistics-consulting/amp
https://www.midknightknerd.com/services/feed/amp
start
https://www.midknightknerd.com/my-blog/
https://www.midknightknerd.com/services/logistics-consulting/
https://www.midknightknerd.com/feed/
https://www.midknightknerd.com/([a-z0-9_\-]*?)sitemap([a-z0-9_\-]*)?\.xml
https://www.midknightknerd.com/my-blog/amp
https://www.midknightknerd.com/services/logistics-consulting/amp
https://www.midknightknerd.com/feed/amp
https://www.midknightknerd.com/([a-z0-9_\-]*?)sitemap([a-z0-9_\-]*)?\.xml/amp
start
https://www.midknightknerd.com/my-blog/
https://www.midknightknerd.com/services/logistics-consulting/
https://www.midknightknerd.com/services/feed/
https://www.midknightknerd.com/my-blog/amp
https://www.midknightknerd.com/services/logistics-consulting/amp
https://www.midknightknerd.com/services/feed/amp
start
https://www.midknightknerd.com/my-blog/
https://www.midknightknerd.com/services/logistics-consulting/
https://www.midknightknerd.com/feed/
https://www.midknightknerd.com/([a-z0-9_\-]*?)sitemap([a-z0-9_\-]*)?\.xml
https://www.midknightknerd.com/my-blog/amp
https://www.midknightknerd.com/services/logistics-consulting/amp
https://www.midknightknerd.com/feed/amp
https://www.midknightknerd.com/([a-z0-9_\-]*?)sitemap([a-z0-9_\-]*)?\.xml/amp
start
https://www.midknightknerd.com/my-blog/
https://www.midknightknerd.com/services/software-development/
https://www.midknightknerd.com/services/feed/
https://www.midknightknerd.com/my-blog/amp
https://www.midknightknerd.com/services/software-development/amp
https://www.midknightknerd.com/services/feed/amp
start
https://www.midknightknerd.com/my-blog/
https://www.midknightknerd.com/services/software-development/
https://www.midknightknerd.com/feed/
https://www.midknightknerd.com/([a-z0-9_\-]*?)sitemap([a-z0-9_\-]*)?\.xml
https://www.midknightknerd.com/my-blog/amp
https://www.midknightknerd.com/services/software-development/amp
https://www.midknightknerd.com/feed/amp
https://www.midknightknerd.com/([a-z0-9_\-]*?)sitemap([a-z0-9_\-]*)?\.xml/amp
start
https://www.midknightknerd.com/my-blog/
https://www.midknightknerd.com/services/software-development/
https://www.midknightknerd.com/services/feed/
https://www.midknightknerd.com/my-blog/amp
https://www.midknightknerd.com/services/software-development/amp
https://www.midknightknerd.com/services/feed/amp
start
https://www.midknightknerd.com/my-blog/
https://www.midknightknerd.com/services/software-development/
https://www.midknightknerd.com/feed/
https://www.midknightknerd.com/([a-z0-9_\-]*?)sitemap([a-z0-9_\-]*)?\.xml
https://www.midknightknerd.com/my-blog/amp
https://www.midknightknerd.com/services/software-development/amp
https://www.midknightknerd.com/feed/amp
https://www.midknightknerd.com/([a-z0-9_\-]*?)sitemap([a-z0-9_\-]*)?\.xml/amp
start
https://www.midknightknerd.com/my-blog/
https://www.midknightknerd.com/services/software-development/
https://www.midknightknerd.com/services/feed/
https://www.midknightknerd.com/my-blog/amp
https://www.midknightknerd.com/services/software-development/amp
https://www.midknightknerd.com/services/feed/amp
start
https://www.midknightknerd.com/my-blog/
https://www.midknightknerd.com/services/software-development/
https://www.midknightknerd.com/feed/
https://www.midknightknerd.com/([a-z0-9_\-]*?)sitemap([a-z0-9_\-]*)?\.xml
https://www.midknightknerd.com/my-blog/amp
https://www.midknightknerd.com/services/software-development/amp
https://www.midknightknerd.com/feed/amp
https://www.midknightknerd.com/([a-z0-9_\-]*?)sitemap([a-z0-9_\-]*)?\.xml/amp
start
https://www.midknightknerd.com/my-blog/
https://www.midknightknerd.com/services/software-development/
https://www.midknightknerd.com/services/feed/
https://www.midknightknerd.com/my-blog/amp
https://www.midknightknerd.com/services/software-development/amp
https://www.midknightknerd.com/services/feed/amp
start
https://www.midknightknerd.com/my-blog/
https://www.midknightknerd.com/services/software-development/
https://www.midknightknerd.com/feed/
https://www.midknightknerd.com/([a-z0-9_\-]*?)sitemap([a-z0-9_\-]*)?\.xml
https://www.midknightknerd.com/my-blog/amp
https://www.midknightknerd.com/services/software-development/amp
https://www.midknightknerd.com/feed/amp
https://www.midknightknerd.com/([a-z0-9_\-]*?)sitemap([a-z0-9_\-]*)?\.xml/amp